d:\program\c++\consolerender\x64\release\vc143.pdb
d:\program\c++\consolerender\x64\release\windowbase.obj
d:\program\c++\consolerender\x64\release\window.obj
d:\program\c++\consolerender\x64\release\text.obj
d:\program\c++\consolerender\x64\release\sound.obj
d:\program\c++\consolerender\x64\release\rectshape.obj
d:\program\c++\consolerender\x64\release\keystate.obj
d:\program\c++\consolerender\x64\release\gadget.obj
d:\program\c++\consolerender\x64\release\font.obj
d:\program\c++\consolerender\x64\release\drawable.obj
d:\program\c++\consolerender\x64\release\circleshape.obj
d:\program\c++\consolerender\x64\release\button.obj
d:\program\c++\consolerender\x64\release\asciiwindow.obj
d:\program\c++\consolerender\x64\release\demo.obj
d:\program\c++\consolerender\x64\release\consolerender.tlog\cl.command.1.tlog
d:\program\c++\consolerender\x64\release\consolerender.tlog\cl.read.1.tlog
d:\program\c++\consolerender\x64\release\consolerender.tlog\cl.write.1.tlog
d:\program\c++\consolerender\x64\release\consolerender.tlog\link.command.1.tlog
d:\program\c++\consolerender\x64\release\consolerender.tlog\link.read.1.tlog
d:\program\c++\consolerender\x64\release\consolerender.tlog\link.write.1.tlog
