d:\program\c++\consolerender\x64\debug\vc143.pdb
d:\program\c++\consolerender\x64\debug\vc143.idb
d:\program\c++\consolerender\x64\debug\window.obj
d:\program\c++\consolerender\x64\debug\rectshape.obj
d:\program\c++\consolerender\x64\debug\keystate.obj
d:\program\c++\consolerender\x64\debug\gadget.obj
d:\program\c++\consolerender\x64\debug\drawable.obj
d:\program\c++\consolerender\x64\debug\circleshape.obj
d:\program\c++\consolerender\x64\debug\button.obj
d:\program\c++\consolerender\x64\debug\demo.obj
d:\program\c++\consolerender\x64\debug\font.obj
d:\program\c++\consolerender\x64\debug\text.obj
d:\program\c++\consolerender\x64\debug\sound.obj
d:\program\c++\consolerender\x64\debug\test.obj
d:\program\c++\consolerender\x64\debug\windowbase.obj
d:\program\c++\consolerender\x64\debug\asciiwindow.obj
d:\program\c++\consolerender\x64\debug\consolerender.exe
d:\program\c++\consolerender\x64\debug\consolerender.ilk
d:\program\c++\consolerender\x64\debug\consolerender.pdb
d:\program\c++\consolerender\x64\debug\main.obj
d:\program\c++\consolerender\x64\debug\button.obj.enc
d:\program\c++\consolerender\x64\debug\demo.obj.enc
d:\program\c++\consolerender\x64\debug\text.obj.enc
d:\program\c++\consolerender\x64\debug\consolerender.tlog\cl.command.1.tlog
d:\program\c++\consolerender\x64\debug\consolerender.tlog\cl.read.1.tlog
d:\program\c++\consolerender\x64\debug\consolerender.tlog\cl.write.1.tlog
d:\program\c++\consolerender\x64\debug\consolerender.tlog\link-cvtres.read.1.tlog
d:\program\c++\consolerender\x64\debug\consolerender.tlog\link-cvtres.write.1.tlog
d:\program\c++\consolerender\x64\debug\consolerender.tlog\link-rc.read.1.tlog
d:\program\c++\consolerender\x64\debug\consolerender.tlog\link-rc.write.1.tlog
d:\program\c++\consolerender\x64\debug\consolerender.tlog\link.25948-cvtres.read.1.tlog
d:\program\c++\consolerender\x64\debug\consolerender.tlog\link.25948-cvtres.write.1.tlog
d:\program\c++\consolerender\x64\debug\consolerender.tlog\link.25948-rc.read.1.tlog
d:\program\c++\consolerender\x64\debug\consolerender.tlog\link.25948-rc.write.1.tlog
d:\program\c++\consolerender\x64\debug\consolerender.tlog\link.25948.read.1.tlog
d:\program\c++\consolerender\x64\debug\consolerender.tlog\link.25948.read.2.tlog
d:\program\c++\consolerender\x64\debug\consolerender.tlog\link.25948.write.1.tlog
d:\program\c++\consolerender\x64\debug\consolerender.tlog\link.command.1.tlog
d:\program\c++\consolerender\x64\debug\consolerender.tlog\link.read.1.tlog
d:\program\c++\consolerender\x64\debug\consolerender.tlog\link.read.3.tlog
d:\program\c++\consolerender\x64\debug\consolerender.tlog\link.write.1.tlog
